# JRE version: OpenJDK Runtime Environment Temurin-11.0.13+8 (11.0.13+8) (build 11.0.13+8)
# Java VM: OpenJDK 64-Bit Server VM Temurin-11.0.13+8 (11.0.13+8, mixed mode, tiered, compressed oops, g1 gc, windows-amd64)
Heap:
 garbage-first heap   total 129024K, used 41656K [0x0000000082200000, 0x0000000100000000)
  region size 1024K, 37 young (37888K), 2 survivors (2048K)
 Metaspace       used 27101K, capacity 27631K, committed 27696K, reserved 1075200K
  class space    used 2721K, capacity 2923K, committed 2944K, reserved 1048576K
GC Heap History (6 events):
Event: 1.518 GC heap before
{Heap before GC invocations=0 (full 0):
 garbage-first heap   total 129024K, used 23552K [0x0000000082200000, 0x0000000100000000)
  region size 1024K, 24 young (24576K), 0 survivors (0K)
 Metaspace       used 14956K, capacity 15312K, committed 15360K, reserved 1062912K
  class space    used 1417K, capacity 1536K, committed 1536K, reserved 1048576K
}
Event: 1.527 GC heap after
{Heap after GC invocations=1 (full 0):
 garbage-first heap   total 129024K, used 5414K [0x0000000082200000, 0x0000000100000000)
  region size 1024K, 3 young (3072K), 3 survivors (3072K)
 Metaspace       used 14956K, capacity 15312K, committed 15360K, reserved 1062912K
  class space    used 1417K, capacity 1536K, committed 1536K, reserved 1048576K
}
Event: 3.713 GC heap before
{Heap before GC invocations=1 (full 0):
 garbage-first heap   total 129024K, used 15654K [0x0000000082200000, 0x0000000100000000)
  region size 1024K, 14 young (14336K), 3 survivors (3072K)
 Metaspace       used 19676K, capacity 20036K, committed 20224K, reserved 1067008K
  class space    used 1922K, capacity 2023K, committed 2048K, reserved 1048576K
}
Event: 3.726 GC heap after
{Heap after GC invocations=2 (full 0):
 garbage-first heap   total 129024K, used 6477K [0x0000000082200000, 0x0000000100000000)
  region size 1024K, 1 young (1024K), 1 survivors (1024K)
 Metaspace       used 19676K, capacity 20036K, committed 20224K, reserved 1067008K
  class space    used 1922K, capacity 2023K, committed 2048K, reserved 1048576K
}
Event: 3.844 GC heap before
{Heap before GC invocations=2 (full 0):
 garbage-first heap   total 129024K, used 9549K [0x0000000082200000, 0x0000000100000000)
  region size 1024K, 6 young (6144K), 1 survivors (1024K)
 Metaspace       used 20849K, capacity 21168K, committed 21296K, reserved 1069056K
  class space    used 2008K, capacity 2123K, committed 2176K, reserved 1048576K
}
Event: 3.846 GC heap after
{Heap after GC invocations=3 (full 0):
 garbage-first heap   total 129024K, used 6840K [0x0000000082200000, 0x0000000100000000)
  region size 1024K, 2 young (2048K), 2 survivors (2048K)
 Metaspace       used 20849K, capacity 21168K, committed 21296K, reserved 1069056K
  class space    used 2008K, capacity 2123K, committed 2176K, reserved 1048576K
}

